system   D d:\Libraries\build\allegro\src\allegro-git\allegro-git\src\win\wsystem.c:633  _al_win_safe_load_library        [   0.00033] PathFindOnPath found: C:\Windows\system32\d3d9.dll
system   D d:\Libraries\build\allegro\src\allegro-git\allegro-git\src\win\wsystem.c:544  load_library_at_path             [   0.00038] Calling LoadLibrary C:\Windows\system32\d3d9.dll
system   I d:\Libraries\build\allegro\src\allegro-git\allegro-git\src\win\wsystem.c:547  load_library_at_path             [   0.00273] Loaded C:\Windows\system32\d3d9.dll
d3d      I d:\Libraries\build\allegro\src\allegro-git\allegro-git\src\win\d3d_disp.cpp:696  _al_d3d_init_display             [   0.01051] Render-to-texture: 1
system   I d:\Libraries\build\allegro\src\allegro-git\allegro-git\src\system.c:252  al_install_system                [   0.01053] Allegro version: 5.0.10
d3d      I d:\Libraries\build\allegro\src\allegro-git\allegro-git\src\win\d3d_disp.cpp:1737 d3d_create_display_locked        [   0.01106] faux_fullscreen=0
d3d      D d:\Libraries\build\allegro\src\allegro-git\allegro-git\src\win\d3d_disp.cpp:1738 d3d_create_display_locked        [   0.01107] al_display=00FCBC90
d3d      D d:\Libraries\build\allegro\src\allegro-git\allegro-git\src\win\d3d_disp.cpp:1739 d3d_create_display_locked        [   0.01107] al_display->vt=00FCBC00
d3d      I d:\Libraries\build\allegro\src\allegro-git\allegro-git\src\win\d3d_display_formats.cpp:144  _al_d3d_generate_display_format_list [   0.01277] found 64 format combinations
display  D d:\Libraries\build\allegro\src\allegro-git\allegro-git\src\display_settings.c:191  debug_display_settings           [   0.01279] color: 32 (rgba 8880), depth: 0, stencil: 0, acc: 0000, samples: 0/0
display  D d:\Libraries\build\allegro\src\allegro-git\allegro-git\src\display_settings.c:506  _al_score_display_settings       [   0.01280] Score is : 897
display  D d:\Libraries\build\allegro\src\allegro-git\allegro-git\src\display_settings.c:191  debug_display_settings           [   0.01281] color: 32 (rgba 8880), depth: 0, stencil: 0, acc: 0000, samples: 0/0
display  D d:\Libraries\build\allegro\src\allegro-git\allegro-git\src\display_settings.c:506  _al_score_display_settings       [   0.01281] Score is : 897
display  D d:\Libraries\build\allegro\src\allegro-git\allegro-git\src\display_settings.c:191  debug_display_settings           [   0.01282] color: 32 (rgba 8880), depth: 24, stencil: 8, acc: 0000, samples: 0/0
display  D d:\Libraries\build\allegro\src\allegro-git\allegro-git\src\display_settings.c:506  _al_score_display_settings       [   0.01282] Score is : 897
display  D d:\Libraries\build\allegro\src\allegro-git\allegro-git\src\display_settings.c:191  debug_display_settings           [   0.01283] color: 32 (rgba 8880), depth: 24, stencil: 8, acc: 0000, samples: 0/0
display  D d:\Libraries\build\allegro\src\allegro-git\allegro-git\src\display_settings.c:506  _al_score_display_settings       [   0.01284] Score is : 897
display  D d:\Libraries\build\allegro\src\allegro-git\allegro-git\src\display_settings.c:191  debug_display_settings           [   0.01284] color: 32 (rgba 8880), depth: 24, stencil: 0, acc: 0000, samples: 0/0
display  D d:\Libraries\build\allegro\src\allegro-git\allegro-git\src\display_settings.c:506  _al_score_display_settings       [   0.01285] Score is : 897
display  D d:\Libraries\build\allegro\src\allegro-git\allegro-git\src\display_settings.c:191  debug_display_settings           [   0.01285] color: 32 (rgba 8880), depth: 24, stencil: 0, acc: 0000, samples: 0/0
display  D d:\Libraries\build\allegro\src\allegro-git\allegro-git\src\display_settings.c:506  _al_score_display_settings       [   0.01286] Score is : 897
display  D d:\Libraries\build\allegro\src\allegro-git\allegro-git\src\display_settings.c:191  debug_display_settings           [   0.01286] color: 32 (rgba 8880), depth: 16, stencil: 0, acc: 0000, samples: 0/0
display  D d:\Libraries\build\allegro\src\allegro-git\allegro-git\src\display_settings.c:506  _al_score_display_settings       [   0.01287] Score is : 897
display  D d:\Libraries\build\allegro\src\allegro-git\allegro-git\src\display_settings.c:191  debug_display_settings           [   0.01287] color: 32 (rgba 8880), depth: 16, stencil: 0, acc: 0000, samples: 0/0
display  D d:\Libraries\build\allegro\src\allegro-git\allegro-git\src\display_settings.c:506  _al_score_display_settings       [   0.01292] Score is : 897
display  D d:\Libraries\build\allegro\src\allegro-git\allegro-git\src\display_settings.c:191  debug_display_settings           [   0.01292] color: 16 (rgba 5650), depth: 0, stencil: 0, acc: 0000, samples: 0/0
display  D d:\Libraries\build\allegro\src\allegro-git\allegro-git\src\display_settings.c:506  _al_score_display_settings       [   0.01293] Score is : 897
display  D d:\Libraries\build\allegro\src\allegro-git\allegro-git\src\display_settings.c:191  debug_display_settings           [   0.01293] color: 16 (rgba 5650), depth: 0, stencil: 0, acc: 0000, samples: 0/0
display  D d:\Libraries\build\allegro\src\allegro-git\allegro-git\src\display_settings.c:506  _al_score_display_settings       [   0.01294] Score is : 897
display  D d:\Libraries\build\allegro\src\allegro-git\allegro-git\src\display_settings.c:191  debug_display_settings           [   0.01295] color: 16 (rgba 5650), depth: 24, stencil: 8, acc: 0000, samples: 0/0
display  D d:\Libraries\build\allegro\src\allegro-git\allegro-git\src\display_settings.c:506  _al_score_display_settings       [   0.01295] Score is : 897
display  D d:\Libraries\build\allegro\src\allegro-git\allegro-git\src\display_settings.c:191  debug_display_settings           [   0.01296] color: 16 (rgba 5650), depth: 24, stencil: 8, acc: 0000, samples: 0/0
display  D d:\Libraries\build\allegro\src\allegro-git\allegro-git\src\display_settings.c:506  _al_score_display_settings       [   0.01296] Score is : 897
display  D d:\Libraries\build\allegro\src\allegro-git\allegro-git\src\display_settings.c:191  debug_display_settings           [   0.01297] color: 16 (rgba 5650), depth: 24, stencil: 0, acc: 0000, samples: 0/0
display  D d:\Libraries\build\allegro\src\allegro-git\allegro-git\src\display_settings.c:506  _al_score_display_settings       [   0.01297] Score is : 897
display  D d:\Libraries\build\allegro\src\allegro-git\allegro-git\src\display_settings.c:191  debug_display_settings           [   0.01298] color: 16 (rgba 5650), depth: 24, stencil: 0, acc: 0000, samples: 0/0
display  D d:\Libraries\build\allegro\src\allegro-git\allegro-git\src\display_settings.c:506  _al_score_display_settings       [   0.01299] Score is : 897
display  D d:\Libraries\build\allegro\src\allegro-git\allegro-git\src\display_settings.c:191  debug_display_settings           [   0.01299] color: 16 (rgba 5650), depth: 16, stencil: 0, acc: 0000, samples: 0/0
display  D d:\Libraries\build\allegro\src\allegro-git\allegro-git\src\display_settings.c:506  _al_score_display_settings       [   0.01300] Score is : 897
display  D d:\Libraries\build\allegro\src\allegro-git\allegro-git\src\display_settings.c:191  debug_display_settings           [   0.01300] color: 16 (rgba 5650), depth: 16, stencil: 0, acc: 0000, samples: 0/0
display  D d:\Libraries\build\allegro\src\allegro-git\allegro-git\src\display_settings.c:506  _al_score_display_settings       [   0.01301] Score is : 897
display  D d:\Libraries\build\allegro\src\allegro-git\allegro-git\src\display_settings.c:191  debug_display_settings           [   0.01301] color: 32 (rgba 8880), depth: 0, stencil: 0, acc: 0000, samples: 0/0
display  D d:\Libraries\build\allegro\src\allegro-git\allegro-git\src\display_settings.c:377  _al_score_display_settings       [   0.01302] Single Buffer requirement not met.
display  D d:\Libraries\build\allegro\src\allegro-git\allegro-git\src\display_settings.c:191  debug_display_settings           [   0.01303] color: 32 (rgba 8880), depth: 0, stencil: 0, acc: 0000, samples: 0/0
display  D d:\Libraries\build\allegro\src\allegro-git\allegro-git\src\display_settings.c:377  _al_score_display_settings       [   0.01303] Single Buffer requirement not met.
display  D d:\Libraries\build\allegro\src\allegro-git\allegro-git\src\display_settings.c:191  debug_display_settings           [   0.01304] color: 32 (rgba 8880), depth: 24, stencil: 8, acc: 0000, samples: 0/0
display  D d:\Libraries\build\allegro\src\allegro-git\allegro-git\src\display_settings.c:377  _al_score_display_settings       [   0.01305] Single Buffer requirement not met.
display  D d:\Libraries\build\allegro\src\allegro-git\allegro-git\src\display_settings.c:191  debug_display_settings           [   0.01305] color: 32 (rgba 8880), depth: 24, stencil: 8, acc: 0000, samples: 0/0
display  D d:\Libraries\build\allegro\src\allegro-git\allegro-git\src\display_settings.c:377  _al_score_display_settings       [   0.01306] Single Buffer requirement not met.
display  D d:\Libraries\build\allegro\src\allegro-git\allegro-git\src\display_settings.c:191  debug_display_settings           [   0.01306] color: 32 (rgba 8880), depth: 24, stencil: 0, acc: 0000, samples: 0/0
display  D d:\Libraries\build\allegro\src\allegro-git\allegro-git\src\display_settings.c:377  _al_score_display_settings       [   0.01307] Single Buffer requirement not met.
display  D d:\Libraries\build\allegro\src\allegro-git\allegro-git\src\display_settings.c:191  debug_display_settings           [   0.01308] color: 32 (rgba 8880), depth: 24, stencil: 0, acc: 0000, samples: 0/0
display  D d:\Libraries\build\allegro\src\allegro-git\allegro-git\src\display_settings.c:377  _al_score_display_settings       [   0.01308] Single Buffer requirement not met.
display  D d:\Libraries\build\allegro\src\allegro-git\allegro-git\src\display_settings.c:191  debug_display_settings           [   0.01309] color: 32 (rgba 8880), depth: 16, stencil: 0, acc: 0000, samples: 0/0
display  D d:\Libraries\build\allegro\src\allegro-git\allegro-git\src\display_settings.c:377  _al_score_display_settings       [   0.01309] Single Buffer requirement not met.
display  D d:\Libraries\build\allegro\src\allegro-git\allegro-git\src\display_settings.c:191  debug_display_settings           [   0.01310] color: 32 (rgba 8880), depth: 16, stencil: 0, acc: 0000, samples: 0/0
display  D d:\Libraries\build\allegro\src\allegro-git\allegro-git\src\display_settings.c:377  _al_score_display_settings       [   0.01311] Single Buffer requirement not met.
display  D d:\Libraries\build\allegro\src\allegro-git\allegro-git\src\display_settings.c:191  debug_display_settings           [   0.01311] color: 16 (rgba 5650), depth: 0, stencil: 0, acc: 0000, samples: 0/0
display  D d:\Libraries\build\allegro\src\allegro-git\allegro-git\src\display_settings.c:377  _al_score_display_settings       [   0.01312] Single Buffer requirement not met.
display  D d:\Libraries\build\allegro\src\allegro-git\allegro-git\src\display_settings.c:191  debug_display_settings           [   0.01312] color: 16 (rgba 5650), depth: 0, stencil: 0, acc: 0000, samples: 0/0
display  D d:\Libraries\build\allegro\src\allegro-git\allegro-git\src\display_settings.c:377  _al_score_display_settings       [   0.01313] Single Buffer requirement not met.
display  D d:\Libraries\build\allegro\src\allegro-git\allegro-git\src\display_settings.c:191  debug_display_settings           [   0.01313] color: 16 (rgba 5650), depth: 24, stencil: 8, acc: 0000, samples: 0/0
display  D d:\Libraries\build\allegro\src\allegro-git\allegro-git\src\display_settings.c:377  _al_score_display_settings       [   0.01314] Single Buffer requirement not met.
display  D d:\Libraries\build\allegro\src\allegro-git\allegro-git\src\display_settings.c:191  debug_display_settings           [   0.01314] color: 16 (rgba 5650), depth: 24, stencil: 8, acc: 0000, samples: 0/0
display  D d:\Libraries\build\allegro\src\allegro-git\allegro-git\src\display_settings.c:377  _al_score_display_settings       [   0.01315] Single Buffer requirement not met.
display  D d:\Libraries\build\allegro\src\allegro-git\allegro-git\src\display_settings.c:191  debug_display_settings           [   0.01316] color: 16 (rgba 5650), depth: 24, stencil: 0, acc: 0000, samples: 0/0
display  D d:\Libraries\build\allegro\src\allegro-git\allegro-git\src\display_settings.c:377  _al_score_display_settings       [   0.01316] Single Buffer requirement not met.
display  D d:\Libraries\build\allegro\src\allegro-git\allegro-git\src\display_settings.c:191  debug_display_settings           [   0.01317] color: 16 (rgba 5650), depth: 24, stencil: 0, acc: 0000, samples: 0/0
display  D d:\Libraries\build\allegro\src\allegro-git\allegro-git\src\display_settings.c:377  _al_score_display_settings       [   0.01318] Single Buffer requirement not met.
display  D d:\Libraries\build\allegro\src\allegro-git\allegro-git\src\display_settings.c:191  debug_display_settings           [   0.01318] color: 16 (rgba 5650), depth: 16, stencil: 0, acc: 0000, samples: 0/0
display  D d:\Libraries\build\allegro\src\allegro-git\allegro-git\src\display_settings.c:377  _al_score_display_settings       [   0.01319] Single Buffer requirement not met.
display  D d:\Libraries\build\allegro\src\allegro-git\allegro-git\src\display_settings.c:191  debug_display_settings           [   0.01319] color: 16 (rgba 5650), depth: 16, stencil: 0, acc: 0000, samples: 0/0
display  D d:\Libraries\build\allegro\src\allegro-git\allegro-git\src\display_settings.c:377  _al_score_display_settings       [   0.01320] Single Buffer requirement not met.
display  D d:\Libraries\build\allegro\src\allegro-git\allegro-git\src\display_settings.c:191  debug_display_settings           [   0.01320] color: 32 (rgba 8880), depth: 0, stencil: 0, acc: 0000, samples: 0/0
display  D d:\Libraries\build\allegro\src\allegro-git\allegro-git\src\display_settings.c:506  _al_score_display_settings       [   0.01321] Score is : 769
display  D d:\Libraries\build\allegro\src\allegro-git\allegro-git\src\display_settings.c:191  debug_display_settings           [   0.01321] color: 32 (rgba 8880), depth: 0, stencil: 0, acc: 0000, samples: 0/0
display  D d:\Libraries\build\allegro\src\allegro-git\allegro-git\src\display_settings.c:506  _al_score_display_settings       [   0.01322] Score is : 769
display  D d:\Libraries\build\allegro\src\allegro-git\allegro-git\src\display_settings.c:191  debug_display_settings           [   0.01323] color: 32 (rgba 8880), depth: 24, stencil: 8, acc: 0000, samples: 0/0
display  D d:\Libraries\build\allegro\src\allegro-git\allegro-git\src\display_settings.c:506  _al_score_display_settings       [   0.01323] Score is : 769
display  D d:\Libraries\build\allegro\src\allegro-git\allegro-git\src\display_settings.c:191  debug_display_settings           [   0.01324] color: 32 (rgba 8880), depth: 24, stencil: 8, acc: 0000, samples: 0/0
display  D d:\Libraries\build\allegro\src\allegro-git\allegro-git\src\display_settings.c:506  _al_score_display_settings       [   0.01325] Score is : 769
display  D d:\Libraries\build\allegro\src\allegro-git\allegro-git\src\display_settings.c:191  debug_display_settings           [   0.01325] color: 32 (rgba 8880), depth: 24, stencil: 0, acc: 0000, samples: 0/0
display  D d:\Libraries\build\allegro\src\allegro-git\allegro-git\src\display_settings.c:506  _al_score_display_settings       [   0.01326] Score is : 769
display  D d:\Libraries\build\allegro\src\allegro-git\allegro-git\src\display_settings.c:191  debug_display_settings           [   0.01326] color: 32 (rgba 8880), depth: 24, stencil: 0, acc: 0000, samples: 0/0
display  D d:\Libraries\build\allegro\src\allegro-git\allegro-git\src\display_settings.c:506  _al_score_display_settings       [   0.01327] Score is : 769
display  D d:\Libraries\build\allegro\src\allegro-git\allegro-git\src\display_settings.c:191  debug_display_settings           [   0.01327] color: 32 (rgba 8880), depth: 16, stencil: 0, acc: 0000, samples: 0/0
display  D d:\Libraries\build\allegro\src\allegro-git\allegro-git\src\display_settings.c:506  _al_score_display_settings       [   0.01328] Score is : 769
display  D d:\Libraries\build\allegro\src\allegro-git\allegro-git\src\display_settings.c:191  debug_display_settings           [   0.01328] color: 32 (rgba 8880), depth: 16, stencil: 0, acc: 0000, samples: 0/0
display  D d:\Libraries\build\allegro\src\allegro-git\allegro-git\src\display_settings.c:506  _al_score_display_settings       [   0.01329] Score is : 769
display  D d:\Libraries\build\allegro\src\allegro-git\allegro-git\src\display_settings.c:191  debug_display_settings           [   0.01332] color: 16 (rgba 5650), depth: 0, stencil: 0, acc: 0000, samples: 0/0
display  D d:\Libraries\build\allegro\src\allegro-git\allegro-git\src\display_settings.c:506  _al_score_display_settings       [   0.01332] Score is : 769
display  D d:\Libraries\build\allegro\src\allegro-git\allegro-git\src\display_settings.c:191  debug_display_settings           [   0.01333] color: 16 (rgba 5650), depth: 0, stencil: 0, acc: 0000, samples: 0/0
display  D d:\Libraries\build\allegro\src\allegro-git\allegro-git\src\display_settings.c:506  _al_score_display_settings       [   0.01334] Score is : 769
display  D d:\Libraries\build\allegro\src\allegro-git\allegro-git\src\display_settings.c:191  debug_display_settings           [   0.01334] color: 16 (rgba 5650), depth: 24, stencil: 8, acc: 0000, samples: 0/0
display  D d:\Libraries\build\allegro\src\allegro-git\allegro-git\src\display_settings.c:506  _al_score_display_settings       [   0.01335] Score is : 769
display  D d:\Libraries\build\allegro\src\allegro-git\allegro-git\src\display_settings.c:191  debug_display_settings           [   0.01335] color: 16 (rgba 5650), depth: 24, stencil: 8, acc: 0000, samples: 0/0
display  D d:\Libraries\build\allegro\src\allegro-git\allegro-git\src\display_settings.c:506  _al_score_display_settings       [   0.01336] Score is : 769
display  D d:\Libraries\build\allegro\src\allegro-git\allegro-git\src\display_settings.c:191  debug_display_settings           [   0.01336] color: 16 (rgba 5650), depth: 24, stencil: 0, acc: 0000, samples: 0/0
display  D d:\Libraries\build\allegro\src\allegro-git\allegro-git\src\display_settings.c:506  _al_score_display_settings       [   0.01337] Score is : 769
display  D d:\Libraries\build\allegro\src\allegro-git\allegro-git\src\display_settings.c:191  debug_display_settings           [   0.01337] color: 16 (rgba 5650), depth: 24, stencil: 0, acc: 0000, samples: 0/0
display  D d:\Libraries\build\allegro\src\allegro-git\allegro-git\src\display_settings.c:506  _al_score_display_settings       [   0.01338] Score is : 769
display  D d:\Libraries\build\allegro\src\allegro-git\allegro-git\src\display_settings.c:191  debug_display_settings           [   0.01339] color: 16 (rgba 5650), depth: 16, stencil: 0, acc: 0000, samples: 0/0
display  D d:\Libraries\build\allegro\src\allegro-git\allegro-git\src\display_settings.c:506  _al_score_display_settings       [   0.01339] Score is : 769
display  D d:\Libraries\build\allegro\src\allegro-git\allegro-git\src\display_settings.c:191  debug_display_settings           [   0.01340] color: 16 (rgba 5650), depth: 16, stencil: 0, acc: 0000, samples: 0/0
display  D d:\Libraries\build\allegro\src\allegro-git\allegro-git\src\display_settings.c:506  _al_score_display_settings       [   0.01340] Score is : 769
display  D d:\Libraries\build\allegro\src\allegro-git\allegro-git\src\display_settings.c:191  debug_display_settings           [   0.01341] color: 32 (rgba 8880), depth: 0, stencil: 0, acc: 0000, samples: 0/0
display  D d:\Libraries\build\allegro\src\allegro-git\allegro-git\src\display_settings.c:377  _al_score_display_settings       [   0.01342] Single Buffer requirement not met.
display  D d:\Libraries\build\allegro\src\allegro-git\allegro-git\src\display_settings.c:191  debug_display_settings           [   0.01342] color: 32 (rgba 8880), depth: 0, stencil: 0, acc: 0000, samples: 0/0
display  D d:\Libraries\build\allegro\src\allegro-git\allegro-git\src\display_settings.c:377  _al_score_display_settings       [   0.01343] Single Buffer requirement not met.
display  D d:\Libraries\build\allegro\src\allegro-git\allegro-git\src\display_settings.c:191  debug_display_settings           [   0.01343] color: 32 (rgba 8880), depth: 24, stencil: 8, acc: 0000, samples: 0/0
display  D d:\Libraries\build\allegro\src\allegro-git\allegro-git\src\display_settings.c:377  _al_score_display_settings       [   0.01344] Single Buffer requirement not met.
display  D d:\Libraries\build\allegro\src\allegro-git\allegro-git\src\display_settings.c:191  debug_display_settings           [   0.01346] color: 32 (rgba 8880), depth: 24, stencil: 8, acc: 0000, samples: 0/0
display  D d:\Libraries\build\allegro\src\allegro-git\allegro-git\src\display_settings.c:377  _al_score_display_settings       [   0.01347] Single Buffer requirement not met.
display  D d:\Libraries\build\allegro\src\allegro-git\allegro-git\src\display_settings.c:191  debug_display_settings           [   0.01348] color: 32 (rgba 8880), depth: 24, stencil: 0, acc: 0000, samples: 0/0
display  D d:\Libraries\build\allegro\src\allegro-git\allegro-git\src\display_settings.c:377  _al_score_display_settings       [   0.01348] Single Buffer requirement not met.
display  D d:\Libraries\build\allegro\src\allegro-git\allegro-git\src\display_settings.c:191  debug_display_settings           [   0.01349] color: 32 (rgba 8880), depth: 24, stencil: 0, acc: 0000, samples: 0/0
display  D d:\Libraries\build\allegro\src\allegro-git\allegro-git\src\display_settings.c:377  _al_score_display_settings       [   0.01349] Single Buffer requirement not met.
display  D d:\Libraries\build\allegro\src\allegro-git\allegro-git\src\display_settings.c:191  debug_display_settings           [   0.01350] color: 32 (rgba 8880), depth: 16, stencil: 0, acc: 0000, samples: 0/0
display  D d:\Libraries\build\allegro\src\allegro-git\allegro-git\src\display_settings.c:377  _al_score_display_settings       [   0.01351] Single Buffer requirement not met.
display  D d:\Libraries\build\allegro\src\allegro-git\allegro-git\src\display_settings.c:191  debug_display_settings           [   0.01351] color: 32 (rgba 8880), depth: 16, stencil: 0, acc: 0000, samples: 0/0
display  D d:\Libraries\build\allegro\src\allegro-git\allegro-git\src\display_settings.c:377  _al_score_display_settings       [   0.01352] Single Buffer requirement not met.
display  D d:\Libraries\build\allegro\src\allegro-git\allegro-git\src\display_settings.c:191  debug_display_settings           [   0.01352] color: 16 (rgba 5650), depth: 0, stencil: 0, acc: 0000, samples: 0/0
display  D d:\Libraries\build\allegro\src\allegro-git\allegro-git\src\display_settings.c:377  _al_score_display_settings       [   0.01353] Single Buffer requirement not met.
display  D d:\Libraries\build\allegro\src\allegro-git\allegro-git\src\display_settings.c:191  debug_display_settings           [   0.01353] color: 16 (rgba 5650), depth: 0, stencil: 0, acc: 0000, samples: 0/0
display  D d:\Libraries\build\allegro\src\allegro-git\allegro-git\src\display_settings.c:377  _al_score_display_settings       [   0.01354] Single Buffer requirement not met.
display  D d:\Libraries\build\allegro\src\allegro-git\allegro-git\src\display_settings.c:191  debug_display_settings           [   0.01355] color: 16 (rgba 5650), depth: 24, stencil: 8, acc: 0000, samples: 0/0
display  D d:\Libraries\build\allegro\src\allegro-git\allegro-git\src\display_settings.c:377  _al_score_display_settings       [   0.01355] Single Buffer requirement not met.
display  D d:\Libraries\build\allegro\src\allegro-git\allegro-git\src\display_settings.c:191  debug_display_settings           [   0.01356] color: 16 (rgba 5650), depth: 24, stencil: 8, acc: 0000, samples: 0/0
display  D d:\Libraries\build\allegro\src\allegro-git\allegro-git\src\display_settings.c:377  _al_score_display_settings       [   0.01356] Single Buffer requirement not met.
display  D d:\Libraries\build\allegro\src\allegro-git\allegro-git\src\display_settings.c:191  debug_display_settings           [   0.01357] color: 16 (rgba 5650), depth: 24, stencil: 0, acc: 0000, samples: 0/0
display  D d:\Libraries\build\allegro\src\allegro-git\allegro-git\src\display_settings.c:377  _al_score_display_settings       [   0.01358] Single Buffer requirement not met.
display  D d:\Libraries\build\allegro\src\allegro-git\allegro-git\src\display_settings.c:191  debug_display_settings           [   0.01358] color: 16 (rgba 5650), depth: 24, stencil: 0, acc: 0000, samples: 0/0
display  D d:\Libraries\build\allegro\src\allegro-git\allegro-git\src\display_settings.c:377  _al_score_display_settings       [   0.01359] Single Buffer requirement not met.
display  D d:\Libraries\build\allegro\src\allegro-git\allegro-git\src\display_settings.c:191  debug_display_settings           [   0.01359] color: 16 (rgba 5650), depth: 16, stencil: 0, acc: 0000, samples: 0/0
display  D d:\Libraries\build\allegro\src\allegro-git\allegro-git\src\display_settings.c:377  _al_score_display_settings       [   0.01360] Single Buffer requirement not met.
display  D d:\Libraries\build\allegro\src\allegro-git\allegro-git\src\display_settings.c:191  debug_display_settings           [   0.01361] color: 16 (rgba 5650), depth: 16, stencil: 0, acc: 0000, samples: 0/0
display  D d:\Libraries\build\allegro\src\allegro-git\allegro-git\src\display_settings.c:377  _al_score_display_settings       [   0.01361] Single Buffer requirement not met.
d3d      D d:\Libraries\build\allegro\src\allegro-git\allegro-git\src\win\d3d_disp.cpp:1645 d3d_create_display_internals     [   0.01362] Trying format 0.
d3d      I d:\Libraries\build\allegro\src\allegro-git\allegro-git\src\win\d3d_disp.cpp:1326 d3d_display_thread_proc          [   0.01382] Chose a display format: 23
d3d      I d:\Libraries\build\allegro\src\allegro-git\allegro-git\src\win\d3d_disp.cpp:1395 d3d_display_thread_proc          [   0.01384] Normal window.
d3d      I d:\Libraries\build\allegro\src\allegro-git\allegro-git\src\win\d3d_disp.cpp:801  d3d_create_device                [   0.02800] Using no depth stencil buffer
d3d      D d:\Libraries\build\allegro\src\allegro-git\allegro-git\src\win\d3d_disp.cpp:866  d3d_create_device                [   0.04727] BeginScene succeeded in create_device
d3d      D d:\Libraries\build\allegro\src\allegro-git\allegro-git\src\win\d3d_disp.cpp:874  d3d_create_device                [   0.04729] Success
d3d      D d:\Libraries\build\allegro\src\allegro-git\allegro-git\src\win\d3d_disp.cpp:1668 d3d_create_display_internals     [   0.04731] Resumed after wait.
d3d      I d:\Libraries\build\allegro\src\allegro-git\allegro-git\src\win\d3d_disp.cpp:1701 d3d_create_display_internals     [   0.04733] Format 0 succeeded.
d3d      D d:\Libraries\build\allegro\src\allegro-git\allegro-git\src\win\d3d_disp.cpp:1724 d3d_create_display_internals     [   0.04734] Returning d3d_display: 00FCBC90
d3d      D d:\Libraries\build\allegro\src\allegro-git\allegro-git\src\win\d3d_disp.cpp:1749 d3d_create_display_locked        [   0.04735] al_display=00FCBC90
d3d      D d:\Libraries\build\allegro\src\allegro-git\allegro-git\src\win\d3d_disp.cpp:1750 d3d_create_display_locked        [   0.04736] al_display->vt=00FCBC00
dtor     D d:\Libraries\build\allegro\src\allegro-git\allegro-git\src\dtor.c:184  _al_register_destructor          [   0.04864] added dtor for object 02AB8738, func 6398BF0A
dtor     D d:\Libraries\build\allegro\src\allegro-git\allegro-git\src\dtor.c:184  _al_register_destructor          [   0.04866] added dtor for object 02AB87F8, func 639E04C0
audio-dsound D d:\Libraries\build\allegro\src\allegro-git\allegro-git\addons\audio\dsound.cpp:244  _dsound_open                     [   0.04868] Loading DirectSound module
system   D d:\Libraries\build\allegro\src\allegro-git\allegro-git\src\win\wsystem.c:633  _al_win_safe_load_library        [   0.04890] PathFindOnPath found: C:\Windows\system32\dsound.dll
system   D d:\Libraries\build\allegro\src\allegro-git\allegro-git\src\win\wsystem.c:544  load_library_at_path             [   0.04892] Calling LoadLibrary C:\Windows\system32\dsound.dll
system   I d:\Libraries\build\allegro\src\allegro-git\allegro-git\src\win\wsystem.c:547  load_library_at_path             [   0.05002] Loaded C:\Windows\system32\dsound.dll
audio-dsound I d:\Libraries\build\allegro\src\allegro-git\allegro-git\addons\audio\dsound.cpp:261  _dsound_open                     [   0.05004] Starting DirectSound...
audio-dsound D d:\Libraries\build\allegro\src\allegro-git\allegro-git\addons\audio\dsound.cpp:271  _dsound_open                     [   0.06627] DirectSoundCreate8 succeeded
audio    I d:\Libraries\build\allegro\src\allegro-git\allegro-git\addons\audio\audio.c:288  do_install_audio                 [   0.06824] Using DirectSound driver
audio-dsound D d:\Libraries\build\allegro\src\allegro-git\allegro-git\addons\audio\dsound.cpp:306  _dsound_allocate_voice           [   0.06853] Allocating voice
audio-dsound D d:\Libraries\build\allegro\src\allegro-git\allegro-git\addons\audio\dsound.cpp:365  _dsound_allocate_voice           [   0.06855] Allocated voice
dtor     D d:\Libraries\build\allegro\src\allegro-git\allegro-git\src\dtor.c:184  _al_register_destructor          [   0.06856] added dtor for object 02AB3450, func 63951B5D
dtor     D d:\Libraries\build\allegro\src\allegro-git\allegro-git\src\dtor.c:184  _al_register_destructor          [   0.06857] added dtor for object 02AB9D18, func 6394E167
audio-dsound D d:\Libraries\build\allegro\src\allegro-git\allegro-git\addons\audio\dsound.cpp:462  _dsound_start_voice              [   0.06857] Starting voice
audio-dsound D d:\Libraries\build\allegro\src\allegro-git\allegro-git\addons\audio\dsound.cpp:491  _dsound_start_voice              [   0.06858] CreateSoundBuffer
audio-dsound D d:\Libraries\build\allegro\src\allegro-git\allegro-git\addons\audio\dsound.cpp:500  _dsound_start_voice              [   0.07188] CreateSoundBuffer succeeded
audio-dsound D d:\Libraries\build\allegro\src\allegro-git\allegro-git\addons\audio\dsound.cpp:506  _dsound_start_voice              [   0.07190] Starting _dsound_update thread
audio-dsound I d:\Libraries\build\allegro\src\allegro-git\allegro-git\addons\audio\dsound.cpp:516  _dsound_start_voice              [   0.07197] Voice started
dtor     D d:\Libraries\build\allegro\src\allegro-git\allegro-git\src\dtor.c:184  _al_register_destructor          [   0.07198] added dtor for object 02ABA038, func 6394877A
audio    D d:\Libraries\build\allegro\src\allegro-git\allegro-git\addons\audio\kcm_mixer.c:121  _al_rechannel_matrix             [   0.07199] sample matrix:
audio    D d:\Libraries\build\allegro\src\allegro-git\allegro-git\addons\audio\kcm_mixer.c:127  _al_rechannel_matrix             [   0.07200] 
audio    D d:\Libraries\build\allegro\src\allegro-git\allegro-git\addons\audio\kcm_mixer.c:127  _al_rechannel_matrix             [   0.07200] 
dtor     D d:\Libraries\build\allegro\src\allegro-git\allegro-git\src\dtor.c:184  _al_register_destructor          [   0.07201] added dtor for object 02ABA120, func 6394877A
audio    D d:\Libraries\build\allegro\src\allegro-git\allegro-git\addons\audio\kcm_mixer.c:121  _al_rechannel_matrix             [   0.07202] sample matrix:
audio    D d:\Libraries\build\allegro\src\allegro-git\allegro-git\addons\audio\kcm_mixer.c:127  _al_rechannel_matrix             [   0.07203] 
audio    D d:\Libraries\build\allegro\src\allegro-git\allegro-git\addons\audio\kcm_mixer.c:127  _al_rechannel_matrix             [   0.07203] 
dtor     D d:\Libraries\build\allegro\src\allegro-git\allegro-git\src\dtor.c:184  _al_register_destructor          [   0.07204] added dtor for object 02ABA428, func 6394877A
audio    D d:\Libraries\build\allegro\src\allegro-git\allegro-git\addons\audio\kcm_mixer.c:121  _al_rechannel_matrix             [   0.07204] sample matrix:
audio    D d:\Libraries\build\allegro\src\allegro-git\allegro-git\addons\audio\kcm_mixer.c:127  _al_rechannel_matrix             [   0.07205] 
audio    D d:\Libraries\build\allegro\src\allegro-git\allegro-git\addons\audio\kcm_mixer.c:127  _al_rechannel_matrix             [   0.07205] 
dtor     D d:\Libraries\build\allegro\src\allegro-git\allegro-git\src\dtor.c:184  _al_register_destructor          [   0.07206] added dtor for object 02ABA510, func 6394877A
audio    D d:\Libraries\build\allegro\src\allegro-git\allegro-git\addons\audio\kcm_mixer.c:121  _al_rechannel_matrix             [   0.07206] sample matrix:
audio    D d:\Libraries\build\allegro\src\allegro-git\allegro-git\addons\audio\kcm_mixer.c:127  _al_rechannel_matrix             [   0.07207] 
audio    D d:\Libraries\build\allegro\src\allegro-git\allegro-git\addons\audio\kcm_mixer.c:127  _al_rechannel_matrix             [   0.07208] 
dtor     D d:\Libraries\build\allegro\src\allegro-git\allegro-git\src\dtor.c:184  _al_register_destructor          [   0.07209] added dtor for object 02AB9E18, func 6394877A
audio    D d:\Libraries\build\allegro\src\allegro-git\allegro-git\addons\audio\kcm_mixer.c:121  _al_rechannel_matrix             [   0.07218] sample matrix:
audio    D d:\Libraries\build\allegro\src\allegro-git\allegro-git\addons\audio\kcm_mixer.c:127  _al_rechannel_matrix             [   0.07218] 
audio    D d:\Libraries\build\allegro\src\allegro-git\allegro-git\addons\audio\kcm_mixer.c:127  _al_rechannel_matrix             [   0.07219] 
dtor     D d:\Libraries\build\allegro\src\allegro-git\allegro-git\src\dtor.c:184  _al_register_destructor          [   0.07219] added dtor for object 02AB9F00, func 6394877A
audio    D d:\Libraries\build\allegro\src\allegro-git\allegro-git\addons\audio\kcm_mixer.c:121  _al_rechannel_matrix             [   0.07220] sample matrix:
audio    D d:\Libraries\build\allegro\src\allegro-git\allegro-git\addons\audio\kcm_mixer.c:127  _al_rechannel_matrix             [   0.07220] 
audio    D d:\Libraries\build\allegro\src\allegro-git\allegro-git\addons\audio\kcm_mixer.c:127  _al_rechannel_matrix             [   0.07221] 
dtor     D d:\Libraries\build\allegro\src\allegro-git\allegro-git\src\dtor.c:184  _al_register_destructor          [   0.07222] added dtor for object 02AC6608, func 6394877A
audio    D d:\Libraries\build\allegro\src\allegro-git\allegro-git\addons\audio\kcm_mixer.c:121  _al_rechannel_matrix             [   0.07222] sample matrix:
audio    D d:\Libraries\build\allegro\src\allegro-git\allegro-git\addons\audio\kcm_mixer.c:127  _al_rechannel_matrix             [   0.07223] 
audio    D d:\Libraries\build\allegro\src\allegro-git\allegro-git\addons\audio\kcm_mixer.c:127  _al_rechannel_matrix             [   0.07223] 
dtor     D d:\Libraries\build\allegro\src\allegro-git\allegro-git\src\dtor.c:184  _al_register_destructor          [   0.07224] added dtor for object 02AC6778, func 6394877A
audio    D d:\Libraries\build\allegro\src\allegro-git\allegro-git\addons\audio\kcm_mixer.c:121  _al_rechannel_matrix             [   0.07224] sample matrix:
audio    D d:\Libraries\build\allegro\src\allegro-git\allegro-git\addons\audio\kcm_mixer.c:127  _al_rechannel_matrix             [   0.07225] 
audio    D d:\Libraries\build\allegro\src\allegro-git\allegro-git\addons\audio\kcm_mixer.c:127  _al_rechannel_matrix             [   0.07226] 
dtor     D d:\Libraries\build\allegro\src\allegro-git\allegro-git\src\dtor.c:184  _al_register_destructor          [   0.07226] added dtor for object 02AC6860, func 6394877A
audio    D d:\Libraries\build\allegro\src\allegro-git\allegro-git\addons\audio\kcm_mixer.c:121  _al_rechannel_matrix             [   0.07227] sample matrix:
audio    D d:\Libraries\build\allegro\src\allegro-git\allegro-git\addons\audio\kcm_mixer.c:127  _al_rechannel_matrix             [   0.07227] 
audio    D d:\Libraries\build\allegro\src\allegro-git\allegro-git\addons\audio\kcm_mixer.c:127  _al_rechannel_matrix             [   0.07228] 
dtor     D d:\Libraries\build\allegro\src\allegro-git\allegro-git\src\dtor.c:184  _al_register_destructor          [   0.07228] added dtor for object 02AC6990, func 6394877A
audio    D d:\Libraries\build\allegro\src\allegro-git\allegro-git\addons\audio\kcm_mixer.c:121  _al_rechannel_matrix             [   0.07229] sample matrix:
audio    D d:\Libraries\build\allegro\src\allegro-git\allegro-git\addons\audio\kcm_mixer.c:127  _al_rechannel_matrix             [   0.07229] 
audio    D d:\Libraries\build\allegro\src\allegro-git\allegro-git\addons\audio\kcm_mixer.c:127  _al_rechannel_matrix             [   0.07230] 
d3d      D d:\Libraries\build\allegro\src\allegro-git\allegro-git\src\win\d3d_disp.cpp:1166 real_choose_bitmap_format        [   0.07373] Fake format
d3d      D d:\Libraries\build\allegro\src\allegro-git\allegro-git\src\win\d3d_disp.cpp:1166 real_choose_bitmap_format        [   0.07375] Fake format
d3d      D d:\Libraries\build\allegro\src\allegro-git\allegro-git\src\win\d3d_disp.cpp:1166 real_choose_bitmap_format        [   0.07376] Fake format
d3d      D d:\Libraries\build\allegro\src\allegro-git\allegro-git\src\win\d3d_disp.cpp:1166 real_choose_bitmap_format        [   0.07376] Fake format
d3d      D d:\Libraries\build\allegro\src\allegro-git\allegro-git\src\win\d3d_disp.cpp:1166 real_choose_bitmap_format        [   0.07377] Fake format
d3d      D d:\Libraries\build\allegro\src\allegro-git\allegro-git\src\win\d3d_disp.cpp:1166 real_choose_bitmap_format        [   0.07377] Fake format
d3d      D d:\Libraries\build\allegro\src\allegro-git\allegro-git\src\win\d3d_disp.cpp:1166 real_choose_bitmap_format        [   0.07378] Fake format
d3d      D d:\Libraries\build\allegro\src\allegro-git\allegro-git\src\win\d3d_disp.cpp:1166 real_choose_bitmap_format        [   0.07378] Fake format
d3d      D d:\Libraries\build\allegro\src\allegro-git\allegro-git\src\win\d3d_disp.cpp:1166 real_choose_bitmap_format        [   0.07379] Fake format
d3d      D d:\Libraries\build\allegro\src\allegro-git\allegro-git\src\win\d3d_disp.cpp:1174 real_choose_bitmap_format        [   0.07379] Alpha doesn't match
d3d      D d:\Libraries\build\allegro\src\allegro-git\allegro-git\src\win\d3d_disp.cpp:1181 real_choose_bitmap_format        [   0.07380] Adapter format is 23
d3d      D d:\Libraries\build\allegro\src\allegro-git\allegro-git\src\win\d3d_disp.cpp:1184 real_choose_bitmap_format        [   0.07380] Found a format
d3d      I d:\Libraries\build\allegro\src\allegro-git\allegro-git\src\win\d3d_disp.cpp:2283 _al_d3d_create_bitmap            [   0.07381] Chose bitmap format 9
dtor     D d:\Libraries\build\allegro\src\allegro-git\allegro-git\src\dtor.c:184  _al_register_destructor          [   0.07397] added dtor for object 02ACBEF8, func 6396DCCE
d3d      D d:\Libraries\build\allegro\src\allegro-git\allegro-git\src\win\d3d_bmp.cpp:467  _al_d3d_sync_bitmap              [   0.08989] _al_d3d_sync_bitmap (system) ref count == 1
d3d      D d:\Libraries\build\allegro\src\allegro-git\allegro-git\src\win\d3d_bmp.cpp:473  _al_d3d_sync_bitmap              [   0.08992] _al_d3d_sync_bitmap (video) ref count == 1
dtor     D d:\Libraries\build\allegro\src\allegro-git\allegro-git\src\dtor.c:184  _al_register_destructor          [   0.11110] added dtor for object 02AC6A78, func 6398BF0A
dtor     D d:\Libraries\build\allegro\src\allegro-git\allegro-git\src\dtor.c:184  _al_register_destructor          [   0.11112] added dtor for object 02AC6AF0, func 639E04C0
dtor     D d:\Libraries\build\allegro\src\allegro-git\allegro-git\src\dtor.c:184  _al_register_destructor          [   0.11113] added dtor for object 02AC6BE0, func 639E04C0
wav      I d:\Libraries\build\allegro\src\allegro-git\allegro-git\addons\acodec\wav.c:107  wav_open                         [   0.11123] Ignoring chunk: LIST
dtor     D d:\Libraries\build\allegro\src\allegro-git\allegro-git\src\dtor.c:184  _al_register_destructor          [   0.11125] added dtor for object 02AB7AE0, func 6394F30E
dtor     D d:\Libraries\build\allegro\src\allegro-git\allegro-git\src\dtor.c:184  _al_register_destructor          [   0.11145] added dtor for object 02AC6C88, func 639E04C0
dtor     D d:\Libraries\build\allegro\src\allegro-git\allegro-git\src\dtor.c:184  _al_register_destructor          [   0.11146] added dtor for object 02AC6D30, func 6398BF0A
dtor     D d:\Libraries\build\allegro\src\allegro-git\allegro-git\src\dtor.c:184  _al_register_destructor          [   0.11153] added dtor for object 02AC77D0, func 6396DCCE
dtor     D d:\Libraries\build\allegro\src\allegro-git\allegro-git\src\dtor.c:184  _al_register_destructor          [   0.11207] added dtor for object 02AC7910, func 6396DCCE
d3d      D d:\Libraries\build\allegro\src\allegro-git\allegro-git\src\win\d3d_disp.cpp:1166 real_choose_bitmap_format        [   0.11348] Fake format
d3d      D d:\Libraries\build\allegro\src\allegro-git\allegro-git\src\win\d3d_disp.cpp:1166 real_choose_bitmap_format        [   0.11349] Fake format
d3d      D d:\Libraries\build\allegro\src\allegro-git\allegro-git\src\win\d3d_disp.cpp:1166 real_choose_bitmap_format        [   0.11350] Fake format
d3d      D d:\Libraries\build\allegro\src\allegro-git\allegro-git\src\win\d3d_disp.cpp:1166 real_choose_bitmap_format        [   0.11351] Fake format
d3d      D d:\Libraries\build\allegro\src\allegro-git\allegro-git\src\win\d3d_disp.cpp:1166 real_choose_bitmap_format        [   0.11351] Fake format
d3d      D d:\Libraries\build\allegro\src\allegro-git\allegro-git\src\win\d3d_disp.cpp:1166 real_choose_bitmap_format        [   0.11351] Fake format
d3d      D d:\Libraries\build\allegro\src\allegro-git\allegro-git\src\win\d3d_disp.cpp:1166 real_choose_bitmap_format        [   0.11352] Fake format
d3d      D d:\Libraries\build\allegro\src\allegro-git\allegro-git\src\win\d3d_disp.cpp:1166 real_choose_bitmap_format        [   0.11352] Fake format
d3d      D d:\Libraries\build\allegro\src\allegro-git\allegro-git\src\win\d3d_disp.cpp:1166 real_choose_bitmap_format        [   0.11353] Fake format
d3d      D d:\Libraries\build\allegro\src\allegro-git\allegro-git\src\win\d3d_disp.cpp:1174 real_choose_bitmap_format        [   0.11353] Alpha doesn't match
d3d      D d:\Libraries\build\allegro\src\allegro-git\allegro-git\src\win\d3d_disp.cpp:1181 real_choose_bitmap_format        [   0.11354] Adapter format is 23
d3d      D d:\Libraries\build\allegro\src\allegro-git\allegro-git\src\win\d3d_disp.cpp:1184 real_choose_bitmap_format        [   0.11355] Found a format
d3d      I d:\Libraries\build\allegro\src\allegro-git\allegro-git\src\win\d3d_disp.cpp:2283 _al_d3d_create_bitmap            [   0.11355] Chose bitmap format 9
dtor     D d:\Libraries\build\allegro\src\allegro-git\allegro-git\src\dtor.c:184  _al_register_destructor          [   0.11374] added dtor for object 02ACC1F8, func 6396DCCE
d3d      D d:\Libraries\build\allegro\src\allegro-git\allegro-git\src\win\d3d_bmp.cpp:467  _al_d3d_sync_bitmap              [   0.11490] _al_d3d_sync_bitmap (system) ref count == 1
d3d      D d:\Libraries\build\allegro\src\allegro-git\allegro-git\src\win\d3d_bmp.cpp:473  _al_d3d_sync_bitmap              [   0.11492] _al_d3d_sync_bitmap (video) ref count == 1
dtor     D d:\Libraries\build\allegro\src\allegro-git\allegro-git\src\dtor.c:214  _al_unregister_destructor        [   0.11811] removed dtor for object 02AC7910
dtor     D d:\Libraries\build\allegro\src\allegro-git\allegro-git\src\dtor.c:184  _al_register_destructor          [   0.11815] added dtor for object 02AB2430, func 63957AE5
dtor     D d:\Libraries\build\allegro\src\allegro-git\allegro-git\src\dtor.c:214  _al_unregister_destructor        [   0.11816] removed dtor for object 02AC77D0
acodec   I d:\Libraries\build\allegro\src\allegro-git\allegro-git\addons\acodec\ogg.c:439  _al_load_ogg_vorbis_audio_stream [   0.11819] Loading stream music.ogg.
acodec   D d:\Libraries\build\allegro\src\allegro-git\allegro-git\addons\acodec\ogg.c:498  _al_load_ogg_vorbis_audio_stream_f [   0.11931] channels 2
acodec   D d:\Libraries\build\allegro\src\allegro-git\allegro-git\addons\acodec\ogg.c:499  _al_load_ogg_vorbis_audio_stream_f [   0.11934] word_size 2
acodec   D d:\Libraries\build\allegro\src\allegro-git\allegro-git\addons\acodec\ogg.c:500  _al_load_ogg_vorbis_audio_stream_f [   0.11935] rate 44100
acodec   D d:\Libraries\build\allegro\src\allegro-git\allegro-git\addons\acodec\ogg.c:501  _al_load_ogg_vorbis_audio_stream_f [   0.11937] total_samples 9765000
acodec   D d:\Libraries\build\allegro\src\allegro-git\allegro-git\addons\acodec\ogg.c:502  _al_load_ogg_vorbis_audio_stream_f [   0.11938] total_size 39060000
audio    D d:\Libraries\build\allegro\src\allegro-git\allegro-git\addons\audio\kcm_mixer.c:121  _al_rechannel_matrix             [   0.11950] sample matrix:
audio    D d:\Libraries\build\allegro\src\allegro-git\allegro-git\addons\audio\kcm_mixer.c:127  _al_rechannel_matrix             [   0.11951]  0.707107 0.000000
audio    D d:\Libraries\build\allegro\src\allegro-git\allegro-git\addons\audio\kcm_mixer.c:127  _al_rechannel_matrix             [   0.11953]  0.000000 0.707107
dtor     D d:\Libraries\build\allegro\src\allegro-git\allegro-git\src\dtor.c:184  _al_register_destructor          [   0.11965] added dtor for object 02B891B0, func 6394F30E
audio    D d:\Libraries\build\allegro\src\allegro-git\allegro-git\addons\audio\kcm_stream.c:602  _al_kcm_feed_stream              [   0.11973] Stream feeder thread started.
dtor     D d:\Libraries\build\allegro\src\allegro-git\allegro-git\src\dtor.c:184  _al_register_destructor          [   0.11976] added dtor for object 02B97150, func 6398BF0A
dtor     D d:\Libraries\build\allegro\src\allegro-git\allegro-git\src\dtor.c:184  _al_register_destructor          [   0.11988] added dtor for object 02B890F0, func 6394F30E
dtor     D d:\Libraries\build\allegro\src\allegro-git\allegro-git\src\dtor.c:184  _al_register_destructor          [   0.12005] added dtor for object 02B89030, func 6394F30E
d3d      D d:\Libraries\build\allegro\src\allegro-git\allegro-git\src\win\d3d_bmp.cpp:467  _al_d3d_sync_bitmap              [   0.15942] _al_d3d_sync_bitmap (system) ref count == 1
d3d      D d:\Libraries\build\allegro\src\allegro-git\allegro-git\src\win\d3d_bmp.cpp:473  _al_d3d_sync_bitmap              [   0.15946] _al_d3d_sync_bitmap (video) ref count == 1
d3d      D d:\Libraries\build\allegro\src\allegro-git\allegro-git\src\win\d3d_bmp.cpp:467  _al_d3d_sync_bitmap              [   0.16488] _al_d3d_sync_bitmap (system) ref count == 1
d3d      D d:\Libraries\build\allegro\src\allegro-git\allegro-git\src\win\d3d_bmp.cpp:473  _al_d3d_sync_bitmap              [   0.16491] _al_d3d_sync_bitmap (video) ref count == 1
dtor     D d:\Libraries\build\allegro\src\allegro-git\allegro-git\src\dtor.c:184  _al_register_destructor          [   5.11200] added dtor for object 02B7DA90, func 6398BF0A
dtor     D d:\Libraries\build\allegro\src\allegro-git\allegro-git\src\dtor.c:184  _al_register_destructor          [   5.11208] added dtor for object 02B7DB08, func 639E04C0
dtor     D d:\Libraries\build\allegro\src\allegro-git\allegro-git\src\dtor.c:184  _al_register_destructor          [   5.11213] added dtor for object 02B7DBB0, func 6398BF0A
dtor     D d:\Libraries\build\allegro\src\allegro-git\allegro-git\src\dtor.c:184  _al_register_destructor          [   5.11217] added dtor for object 02B7DC28, func 639E04C0
dtor     D d:\Libraries\build\allegro\src\allegro-git\allegro-git\src\dtor.c:184  _al_register_destructor          [   5.11221] added dtor for object 0BB7C960, func 6398BF0A
dtor     D d:\Libraries\build\allegro\src\allegro-git\allegro-git\src\dtor.c:184  _al_register_destructor          [   5.11224] added dtor for object 0BB7C9D8, func 639E04C0
dtor     D d:\Libraries\build\allegro\src\allegro-git\allegro-git\src\dtor.c:184  _al_register_destructor          [   5.11228] added dtor for object 0BB7CB88, func 6398BF0A
dtor     D d:\Libraries\build\allegro\src\allegro-git\allegro-git\src\dtor.c:184  _al_register_destructor          [   5.11231] added dtor for object 0BB7CC00, func 639E04C0
dtor     D d:\Libraries\build\allegro\src\allegro-git\allegro-git\src\dtor.c:184  _al_register_destructor          [   5.11235] added dtor for object 0BB7CD10, func 6398BF0A
dtor     D d:\Libraries\build\allegro\src\allegro-git\allegro-git\src\dtor.c:184  _al_register_destructor          [   5.11237] added dtor for object 0BB7CD88, func 639E04C0
dtor     D d:\Libraries\build\allegro\src\allegro-git\allegro-git\src\dtor.c:184  _al_register_destructor          [   5.11241] added dtor for object 0BB7CE98, func 6398BF0A
dtor     D d:\Libraries\build\allegro\src\allegro-git\allegro-git\src\dtor.c:184  _al_register_destructor          [   5.11244] added dtor for object 0BB7CF10, func 639E04C0
audio    D d:\Libraries\build\allegro\src\allegro-git\allegro-git\addons\audio\kcm_mixer.c:121  _al_rechannel_matrix             [   6.39566] sample matrix:
audio    D d:\Libraries\build\allegro\src\allegro-git\allegro-git\addons\audio\kcm_mixer.c:127  _al_rechannel_matrix             [   6.39572]  0.707107 0.000000
audio    D d:\Libraries\build\allegro\src\allegro-git\allegro-git\addons\audio\kcm_mixer.c:127  _al_rechannel_matrix             [   6.39575]  0.000000 0.707107
audio    D d:\Libraries\build\allegro\src\allegro-git\allegro-git\addons\audio\kcm_mixer.c:121  _al_rechannel_matrix             [   6.56239] sample matrix:
audio    D d:\Libraries\build\allegro\src\allegro-git\allegro-git\addons\audio\kcm_mixer.c:127  _al_rechannel_matrix             [   6.56248]  0.707107 0.000000
audio    D d:\Libraries\build\allegro\src\allegro-git\allegro-git\addons\audio\kcm_mixer.c:127  _al_rechannel_matrix             [   6.56251]  0.000000 0.707107
audio    D d:\Libraries\build\allegro\src\allegro-git\allegro-git\addons\audio\kcm_mixer.c:121  _al_rechannel_matrix             [   7.02886] sample matrix:
audio    D d:\Libraries\build\allegro\src\allegro-git\allegro-git\addons\audio\kcm_mixer.c:127  _al_rechannel_matrix             [   7.02891]  0.707107 0.000000
audio    D d:\Libraries\build\allegro\src\allegro-git\allegro-git\addons\audio\kcm_mixer.c:127  _al_rechannel_matrix             [   7.02892]  0.000000 0.707107
audio    D d:\Libraries\build\allegro\src\allegro-git\allegro-git\addons\audio\kcm_mixer.c:121  _al_rechannel_matrix             [   7.21229] sample matrix:
audio    D d:\Libraries\build\allegro\src\allegro-git\allegro-git\addons\audio\kcm_mixer.c:127  _al_rechannel_matrix             [   7.21237]  0.707107 0.000000
audio    D d:\Libraries\build\allegro\src\allegro-git\allegro-git\addons\audio\kcm_mixer.c:127  _al_rechannel_matrix             [   7.21240]  0.000000 0.707107
audio    D d:\Libraries\build\allegro\src\allegro-git\allegro-git\addons\audio\kcm_mixer.c:121  _al_rechannel_matrix             [   7.84595] sample matrix:
audio    D d:\Libraries\build\allegro\src\allegro-git\allegro-git\addons\audio\kcm_mixer.c:127  _al_rechannel_matrix             [   7.84603]  0.707107 0.000000
audio    D d:\Libraries\build\allegro\src\allegro-git\allegro-git\addons\audio\kcm_mixer.c:127  _al_rechannel_matrix             [   7.84606]  0.000000 0.707107
audio    D d:\Libraries\build\allegro\src\allegro-git\allegro-git\addons\audio\kcm_mixer.c:121  _al_rechannel_matrix             [   8.11307] sample matrix:
audio    D d:\Libraries\build\allegro\src\allegro-git\allegro-git\addons\audio\kcm_mixer.c:127  _al_rechannel_matrix             [   8.11315]  0.707107 0.000000
audio    D d:\Libraries\build\allegro\src\allegro-git\allegro-git\addons\audio\kcm_mixer.c:127  _al_rechannel_matrix             [   8.11318]  0.000000 0.707107
audio    D d:\Libraries\build\allegro\src\allegro-git\allegro-git\addons\audio\kcm_mixer.c:121  _al_rechannel_matrix             [   8.16218] sample matrix:
audio    D d:\Libraries\build\allegro\src\allegro-git\allegro-git\addons\audio\kcm_mixer.c:127  _al_rechannel_matrix             [   8.16227]  0.707107 0.000000
audio    D d:\Libraries\build\allegro\src\allegro-git\allegro-git\addons\audio\kcm_mixer.c:127  _al_rechannel_matrix             [   8.16230]  0.000000 0.707107
audio    D d:\Libraries\build\allegro\src\allegro-git\allegro-git\addons\audio\kcm_mixer.c:121  _al_rechannel_matrix             [   8.27885] sample matrix:
audio    D d:\Libraries\build\allegro\src\allegro-git\allegro-git\addons\audio\kcm_mixer.c:127  _al_rechannel_matrix             [   8.27892]  0.707107 0.000000
audio    D d:\Libraries\build\allegro\src\allegro-git\allegro-git\addons\audio\kcm_mixer.c:127  _al_rechannel_matrix             [   8.27895]  0.000000 0.707107
audio    D d:\Libraries\build\allegro\src\allegro-git\allegro-git\addons\audio\kcm_mixer.c:121  _al_rechannel_matrix             [  26.37870] sample matrix:
audio    D d:\Libraries\build\allegro\src\allegro-git\allegro-git\addons\audio\kcm_mixer.c:127  _al_rechannel_matrix             [  26.37880]  0.707107 0.000000
audio    D d:\Libraries\build\allegro\src\allegro-git\allegro-git\addons\audio\kcm_mixer.c:127  _al_rechannel_matrix             [  26.37884]  0.000000 0.707107
audio    D d:\Libraries\build\allegro\src\allegro-git\allegro-git\addons\audio\kcm_mixer.c:121  _al_rechannel_matrix             [  26.52931] sample matrix:
audio    D d:\Libraries\build\allegro\src\allegro-git\allegro-git\addons\audio\kcm_mixer.c:127  _al_rechannel_matrix             [  26.52942]  0.707107 0.000000
audio    D d:\Libraries\build\allegro\src\allegro-git\allegro-git\addons\audio\kcm_mixer.c:127  _al_rechannel_matrix             [  26.52948]  0.000000 0.707107
dtor     D d:\Libraries\build\allegro\src\allegro-git\allegro-git\src\dtor.c:184  _al_register_destructor          [  40.96244] added dtor for object 0BB86D10, func 6398BF0A
dtor     D d:\Libraries\build\allegro\src\allegro-git\allegro-git\src\dtor.c:184  _al_register_destructor          [  40.96250] added dtor for object 0BB86D88, func 639E04C0
dtor     D d:\Libraries\build\allegro\src\allegro-git\allegro-git\src\dtor.c:184  _al_register_destructor          [  40.96254] added dtor for object 0BB86E98, func 6398BF0A
dtor     D d:\Libraries\build\allegro\src\allegro-git\allegro-git\src\dtor.c:184  _al_register_destructor          [  40.96256] added dtor for object 0BB86F10, func 639E04C0
dtor     D d:\Libraries\build\allegro\src\allegro-git\allegro-git\src\dtor.c:184  _al_register_destructor          [  40.96259] added dtor for object 0BB7DCB8, func 6398BF0A
dtor     D d:\Libraries\build\allegro\src\allegro-git\allegro-git\src\dtor.c:184  _al_register_destructor          [  40.96263] added dtor for object 0BB7F9C8, func 639E04C0
dtor     D d:\Libraries\build\allegro\src\allegro-git\allegro-git\src\dtor.c:184  _al_register_destructor          [  40.96265] added dtor for object 0BB7DD98, func 6398BF0A
dtor     D d:\Libraries\build\allegro\src\allegro-git\allegro-git\src\dtor.c:184  _al_register_destructor          [  40.96268] added dtor for object 0BB7F878, func 639E04C0
dtor     D d:\Libraries\build\allegro\src\allegro-git\allegro-git\src\dtor.c:184  _al_register_destructor          [  40.96270] added dtor for object 0BB7DE78, func 6398BF0A
dtor     D d:\Libraries\build\allegro\src\allegro-git\allegro-git\src\dtor.c:184  _al_register_destructor          [  40.96273] added dtor for object 0BB7F5D8, func 639E04C0
dtor     D d:\Libraries\build\allegro\src\allegro-git\allegro-git\src\dtor.c:184  _al_register_destructor          [  40.96276] added dtor for object 0BB7CAE8, func 6398BF0A
dtor     D d:\Libraries\build\allegro\src\allegro-git\allegro-git\src\dtor.c:184  _al_register_destructor          [  40.96278] added dtor for object 0BB7F488, func 639E04C0
dtor     D d:\Libraries\build\allegro\src\allegro-git\allegro-git\src\dtor.c:184  _al_register_destructor          [  40.96281] added dtor for object 0BB7DF58, func 6398BF0A
dtor     D d:\Libraries\build\allegro\src\allegro-git\allegro-git\src\dtor.c:184  _al_register_destructor          [  40.96283] added dtor for object 0BB7FA70, func 639E04C0
dtor     D d:\Libraries\build\allegro\src\allegro-git\allegro-git\src\dtor.c:184  _al_register_destructor          [  40.96287] added dtor for object 0BB7DFD0, func 6398BF0A
dtor     D d:\Libraries\build\allegro\src\allegro-git\allegro-git\src\dtor.c:184  _al_register_destructor          [  40.96289] added dtor for object 0BB7F7D0, func 639E04C0
dtor     D d:\Libraries\build\allegro\src\allegro-git\allegro-git\src\dtor.c:184  _al_register_destructor          [  40.96295] added dtor for object 0BB87238, func 6398BF0A
dtor     D d:\Libraries\build\allegro\src\allegro-git\allegro-git\src\dtor.c:184  _al_register_destructor          [  40.96298] added dtor for object 0BB801A8, func 639E04C0
dtor     D d:\Libraries\build\allegro\src\allegro-git\allegro-git\src\dtor.c:184  _al_register_destructor          [  40.96301] added dtor for object 0BB87148, func 6398BF0A
dtor     D d:\Libraries\build\allegro\src\allegro-git\allegro-git\src\dtor.c:184  _al_register_destructor          [  40.96303] added dtor for object 0BB80250, func 639E04C0
dtor     D d:\Libraries\build\allegro\src\allegro-git\allegro-git\src\dtor.c:184  _al_register_destructor          [  40.96306] added dtor for object 0BB876E8, func 6398BF0A
dtor     D d:\Libraries\build\allegro\src\allegro-git\allegro-git\src\dtor.c:184  _al_register_destructor          [  40.96309] added dtor for object 0BB7FB18, func 639E04C0
dtor     D d:\Libraries\build\allegro\src\allegro-git\allegro-git\src\dtor.c:184  _al_register_destructor          [  40.96312] added dtor for object 0BB875F8, func 6398BF0A
dtor     D d:\Libraries\build\allegro\src\allegro-git\allegro-git\src\dtor.c:184  _al_register_destructor          [  40.96314] added dtor for object 0BB7F680, func 639E04C0
